This file contains any messages produced by compilers while
running configure, to aid debugging if configure makes a mistake.

It was created by libnfc configure 1.8.0, which was
generated by GNU Autoconf 2.69.  Invocation command line was

  $ ./configure --prefix=/usr --sysconfdir=/etc --with-drivers=pn532_spi

## --------- ##
## Platform. ##
## --------- ##

hostname = raspberrypi
uname -m = armv7l
uname -r = 5.10.92-v7+
uname -s = Linux
uname -v = #1514 SMP Mon Jan 17 17:36:39 GMT 2022

/usr/bin/uname -p = unknown
/bin/uname -X     = unknown

/bin/arch              = armv7l
/usr/bin/arch -k       = unknown
/usr/convex/getsysinfo = unknown
/usr/bin/hostinfo      = unknown
/bin/machine           = unknown
/usr/bin/oslevel       = unknown
/bin/universe          = unknown

PATH: /usr/local/sbin
PATH: /usr/local/bin
PATH: /usr/sbin
PATH: /usr/bin
PATH: /sbin
PATH: /bin
PATH: /usr/local/games
PATH: /usr/games


## ----------- ##
## Core tests. ##
## ----------- ##

configure:2578: checking for a BSD-compatible install
configure:2646: result: /usr/bin/install -c
configure:2657: checking whether build environment is sane
configure:2712: result: yes
configure:2863: checking for a thread-safe mkdir -p
configure:2902: result: /usr/bin/mkdir -p
configure:2909: checking for gawk
configure:2939: result: no
configure:2909: checking for mawk
configure:2925: found /usr/bin/mawk
configure:2936: result: mawk
configure:2947: checking whether make sets $(MAKE)
configure:2969: result: yes
configure:2998: checking whether make supports nested variables
configure:3015: result: yes
configure:3145: checking whether make supports the include directive
configure:3160: make -f confmf.GNU && cat confinc.out
this is the am__doit target
configure:3163: $? = 0
configure:3182: result: yes (GNU style)
configure:3252: checking for gcc
configure:3268: found /usr/bin/gcc
configure:3279: result: gcc
configure:3508: checking for C compiler version
configure:3517: gcc --version >&5
gcc (Raspbian 10.2.1-6+rpi1) 10.2.1 20210110
Copyright (C) 2020 Free Software Foundation, Inc.
This is free software; see the source for copying conditions.  There is NO
warranty; not even for MERCHANTABILITY or FITNESS FOR A PARTICULAR PURPOSE.

configure:3528: $? = 0
configure:3517: gcc -v >&5
Using built-in specs.
COLLECT_GCC=gcc
COLLECT_LTO_WRAPPER=/usr/lib/gcc/arm-linux-gnueabihf/10/lto-wrapper
Target: arm-linux-gnueabihf
Configured with: ../src/configure -v --with-pkgversion='Raspbian 10.2.1-6+rpi1' --with-bugurl=file:///usr/share/doc/gcc-10/README.Bugs --enable-languages=c,ada,c++,go,d,fortran,objc,obj-c++,m2 --prefix=/usr --with-gcc-major-version-only --program-suffix=-10 --program-prefix=arm-linux-gnueabihf- --enable-shared --enable-linker-build-id --libexecdir=/usr/lib --without-included-gettext --enable-threads=posix --libdir=/usr/lib --enable-nls --enable-bootstrap --enable-clocale=gnu --enable-libstdcxx-debug --enable-libstdcxx-time=yes --with-default-libstdcxx-abi=new --enable-gnu-unique-object --disable-libitm --disable-libquadmath --disable-libquadmath-support --enable-plugin --with-system-zlib --enable-libphobos-checking=release --with-target-system-zlib=auto --enable-objc-gc=auto --enable-multiarch --disable-sjlj-exceptions --with-arch=armv6 --with-fpu=vfp --with-float=hard --disable-werror --enable-checking=release --build=arm-linux-gnueabihf --host=arm-linux-gnueabihf --target=arm-linux-gnueabihf
Thread model: posix
Supported LTO compression algorithms: zlib zstd
gcc version 10.2.1 20210110 (Raspbian 10.2.1-6+rpi1) 
configure:3528: $? = 0
configure:3517: gcc -V >&5
gcc: error: unrecognized command-line option '-V'
gcc: fatal error: no input files
compilation terminated.
configure:3528: $? = 1
configure:3517: gcc -qversion >&5
gcc: error: unrecognized command-line option '-qversion'; did you mean '--version'?
gcc: fatal error: no input files
compilation terminated.
configure:3528: $? = 1
configure:3548: checking whether the C compiler works
configure:3570: gcc    conftest.c  >&5
configure:3574: $? = 0
configure:3622: result: yes
configure:3625: checking for C compiler default output file name
configure:3627: result: a.out
configure:3633: checking for suffix of executables
configure:3640: gcc -o conftest    conftest.c  >&5
configure:3644: $? = 0
configure:3666: result: 
configure:3688: checking whether we are cross compiling
configure:3696: gcc -o conftest    conftest.c  >&5
configure:3700: $? = 0
configure:3707: ./conftest
configure:3711: $? = 0
configure:3726: result: no
configure:3731: checking for suffix of object files
configure:3753: gcc -c   conftest.c >&5
configure:3757: $? = 0
configure:3778: result: o
configure:3782: checking whether we are using the GNU C compiler
configure:3801: gcc -c   conftest.c >&5
configure:3801: $? = 0
configure:3810: result: yes
configure:3819: checking whether gcc accepts -g
configure:3839: gcc -c -g  conftest.c >&5
configure:3839: $? = 0
configure:3880: result: yes
configure:3897: checking for gcc option to accept ISO C89
configure:3960: gcc  -c -g -O2  conftest.c >&5
configure:3960: $? = 0
configure:3973: result: none needed
configure:3998: checking whether gcc understands -c and -o together
configure:4020: gcc -c conftest.c -o conftest2.o
configure:4023: $? = 0
configure:4020: gcc -c conftest.c -o conftest2.o
configure:4023: $? = 0
configure:4035: result: yes
configure:4054: checking dependency style of gcc
configure:4165: result: gcc3
configure:4230: checking for ar
configure:4246: found /usr/bin/ar
configure:4257: result: ar
configure:4283: checking the archiver (ar) interface
configure:4299: gcc -c -g -O2  conftest.c >&5
configure:4299: $? = 0
configure:4301: ar cru libconftest.a conftest.o >&5
ar: `u' modifier ignored since `D' is the default (see `U')
configure:4304: $? = 0
configure:4332: result: ar
configure:4364: checking whether make supports nested variables
configure:4381: result: yes
configure:4447: checking for gcc
configure:4474: result: gcc
configure:4703: checking for C compiler version
configure:4712: gcc --version >&5
gcc (Raspbian 10.2.1-6+rpi1) 10.2.1 20210110
Copyright (C) 2020 Free Software Foundation, Inc.
This is free software; see the source for copying conditions.  There is NO
warranty; not even for MERCHANTABILITY or FITNESS FOR A PARTICULAR PURPOSE.

configure:4723: $? = 0
configure:4712: gcc -v >&5
Using built-in specs.
COLLECT_GCC=gcc
COLLECT_LTO_WRAPPER=/usr/lib/gcc/arm-linux-gnueabihf/10/lto-wrapper
Target: arm-linux-gnueabihf
Configured with: ../src/configure -v --with-pkgversion='Raspbian 10.2.1-6+rpi1' --with-bugurl=file:///usr/share/doc/gcc-10/README.Bugs --enable-languages=c,ada,c++,go,d,fortran,objc,obj-c++,m2 --prefix=/usr --with-gcc-major-version-only --program-suffix=-10 --program-prefix=arm-linux-gnueabihf- --enable-shared --enable-linker-build-id --libexecdir=/usr/lib --without-included-gettext --enable-threads=posix --libdir=/usr/lib --enable-nls --enable-bootstrap --enable-clocale=gnu --enable-libstdcxx-debug --enable-libstdcxx-time=yes --with-default-libstdcxx-abi=new --enable-gnu-unique-object --disable-libitm --disable-libquadmath --disable-libquadmath-support --enable-plugin --with-system-zlib --enable-libphobos-checking=release --with-target-system-zlib=auto --enable-objc-gc=auto --enable-multiarch --disable-sjlj-exceptions --with-arch=armv6 --with-fpu=vfp --with-float=hard --disable-werror --enable-checking=release --build=arm-linux-gnueabihf --host=arm-linux-gnueabihf --target=arm-linux-gnueabihf
Thread model: posix
Supported LTO compression algorithms: zlib zstd
gcc version 10.2.1 20210110 (Raspbian 10.2.1-6+rpi1) 
configure:4723: $? = 0
configure:4712: gcc -V >&5
gcc: error: unrecognized command-line option '-V'
gcc: fatal error: no input files
compilation terminated.
configure:4723: $? = 1
configure:4712: gcc -qversion >&5
gcc: error: unrecognized command-line option '-qversion'; did you mean '--version'?
gcc: fatal error: no input files
compilation terminated.
configure:4723: $? = 1
configure:4727: checking whether we are using the GNU C compiler
configure:4755: result: yes
configure:4764: checking whether gcc accepts -g
configure:4825: result: yes
configure:4842: checking for gcc option to accept ISO C89
configure:4918: result: none needed
configure:4943: checking whether gcc understands -c and -o together
configure:4980: result: yes
configure:4999: checking dependency style of gcc
configure:5110: result: gcc3
configure:5125: checking whether make sets $(MAKE)
configure:5147: result: yes
configure:5188: checking build system type
configure:5202: result: armv7l-unknown-linux-gnueabihf
configure:5222: checking host system type
configure:5235: result: armv7l-unknown-linux-gnueabihf
configure:5276: checking how to print strings
configure:5303: result: printf
configure:5324: checking for a sed that does not truncate output
configure:5388: result: /usr/bin/sed
configure:5406: checking for grep that handles long lines and -e
configure:5464: result: /usr/bin/grep
configure:5469: checking for egrep
configure:5531: result: /usr/bin/grep -E
configure:5536: checking for fgrep
configure:5598: result: /usr/bin/grep -F
configure:5633: checking for ld used by gcc
configure:5700: result: /usr/bin/ld
configure:5707: checking if the linker (/usr/bin/ld) is GNU ld
configure:5722: result: yes
configure:5734: checking for BSD- or MS-compatible name lister (nm)
configure:5788: result: /usr/bin/nm -B
configure:5918: checking the name lister (/usr/bin/nm -B) interface
configure:5925: gcc -c -g -O2  conftest.c >&5
configure:5928: /usr/bin/nm -B "conftest.o"
configure:5931: output
00000000 B some_variable
configure:5938: result: BSD nm
configure:5941: checking whether ln -s works
configure:5945: result: yes
configure:5953: checking the maximum length of command line arguments
configure:6084: result: 1572864
configure:6132: checking how to convert armv7l-unknown-linux-gnueabihf file names to armv7l-unknown-linux-gnueabihf format
configure:6172: result: func_convert_file_noop
configure:6179: checking how to convert armv7l-unknown-linux-gnueabihf file names to toolchain format
configure:6199: result: func_convert_file_noop
configure:6206: checking for /usr/bin/ld option to reload object files
configure:6213: result: -r
configure:6287: checking for objdump
configure:6303: found /usr/bin/objdump
configure:6314: result: objdump
configure:6346: checking how to recognize dependent libraries
configure:6546: result: pass_all
configure:6631: checking for dlltool
configure:6661: result: no
configure:6691: checking how to associate runtime and link libraries
configure:6718: result: printf %s\n
configure:6842: checking for archiver @FILE support
configure:6859: gcc -c -g -O2  conftest.c >&5
configure:6859: $? = 0
configure:6862: ar cr libconftest.a @conftest.lst >&5
configure:6865: $? = 0
configure:6870: ar cr libconftest.a @conftest.lst >&5
ar: conftest.o: No such file or directory
configure:6873: $? = 1
configure:6885: result: @
configure:6943: checking for strip
configure:6959: found /usr/bin/strip
configure:6970: result: strip
configure:7042: checking for ranlib
configure:7058: found /usr/bin/ranlib
configure:7069: result: ranlib
configure:7171: checking command to parse /usr/bin/nm -B output from gcc object
configure:7324: gcc -c -g -O2  conftest.c >&5
configure:7327: $? = 0
configure:7331: /usr/bin/nm -B conftest.o | sed -n -e 's/^.*[	 ]\([ABCDGIRSTW][ABCDGIRSTW]*\)[	 ][	 ]*\([_A-Za-z][_A-Za-z0-9]*\)$/\1 \2 \2/p' | sed '/ __gnu_lto/d' > conftest.nm
configure:7397: gcc -o conftest -g -O2   conftest.c conftstm.o >&5
configure:7400: $? = 0
configure:7438: result: ok
configure:7485: checking for sysroot
configure:7515: result: no
configure:7522: checking for a working dd
configure:7560: result: /usr/bin/dd
configure:7564: checking how to truncate binary pipes
configure:7579: result: /usr/bin/dd bs=4096 count=1
configure:7908: checking for mt
configure:7924: found /usr/bin/mt
configure:7935: result: mt
configure:7958: checking if mt is a manifest tool
configure:7964: mt '-?'
configure:7972: result: no
configure:8649: checking how to run the C preprocessor
configure:8680: gcc -E  conftest.c
configure:8680: $? = 0
configure:8694: gcc -E  conftest.c
conftest.c:11:10: fatal error: ac_nonexistent.h: No such file or directory
   11 | #include <ac_nonexistent.h>
      |          ^~~~~~~~~~~~~~~~~~
compilation terminated.
configure:8694: $? = 1
configure: failed program was:
| /* confdefs.h */
| #define PACKAGE_NAME "libnfc"
| #define PACKAGE_TARNAME "libnfc"
| #define PACKAGE_VERSION "1.8.0"
| #define PACKAGE_STRING "libnfc 1.8.0"
| #define PACKAGE_BUGREPORT "nfc-tools@googlegroups.com"
| #define PACKAGE_URL ""
| #define PACKAGE "libnfc"
| #define VERSION "1.8.0"
| /* end confdefs.h.  */
| #include <ac_nonexistent.h>
configure:8719: result: gcc -E
configure:8739: gcc -E  conftest.c
configure:8739: $? = 0
configure:8753: gcc -E  conftest.c
conftest.c:11:10: fatal error: ac_nonexistent.h: No such file or directory
   11 | #include <ac_nonexistent.h>
      |          ^~~~~~~~~~~~~~~~~~
compilation terminated.
configure:8753: $? = 1
configure: failed program was:
| /* confdefs.h */
| #define PACKAGE_NAME "libnfc"
| #define PACKAGE_TARNAME "libnfc"
| #define PACKAGE_VERSION "1.8.0"
| #define PACKAGE_STRING "libnfc 1.8.0"
| #define PACKAGE_BUGREPORT "nfc-tools@googlegroups.com"
| #define PACKAGE_URL ""
| #define PACKAGE "libnfc"
| #define VERSION "1.8.0"
| /* end confdefs.h.  */
| #include <ac_nonexistent.h>
configure:8782: checking for ANSI C header files
configure:8802: gcc -c -g -O2  conftest.c >&5
configure:8802: $? = 0
configure:8875: gcc -o conftest -g -O2   conftest.c  >&5
configure:8875: $? = 0
configure:8875: ./conftest
configure:8875: $? = 0
configure:8886: result: yes
configure:8899: checking for sys/types.h
configure:8899: gcc -c -g -O2  conftest.c >&5
configure:8899: $? = 0
configure:8899: result: yes
configure:8899: checking for sys/stat.h
configure:8899: gcc -c -g -O2  conftest.c >&5
configure:8899: $? = 0
configure:8899: result: yes
configure:8899: checking for stdlib.h
configure:8899: gcc -c -g -O2  conftest.c >&5
configure:8899: $? = 0
configure:8899: result: yes
configure:8899: checking for string.h
configure:8899: gcc -c -g -O2  conftest.c >&5
configure:8899: $? = 0
configure:8899: result: yes
configure:8899: checking for memory.h
configure:8899: gcc -c -g -O2  conftest.c >&5
configure:8899: $? = 0
configure:8899: result: yes
configure:8899: checking for strings.h
configure:8899: gcc -c -g -O2  conftest.c >&5
configure:8899: $? = 0
configure:8899: result: yes
configure:8899: checking for inttypes.h
configure:8899: gcc -c -g -O2  conftest.c >&5
configure:8899: $? = 0
configure:8899: result: yes
configure:8899: checking for stdint.h
configure:8899: gcc -c -g -O2  conftest.c >&5
configure:8899: $? = 0
configure:8899: result: yes
configure:8899: checking for unistd.h
configure:8899: gcc -c -g -O2  conftest.c >&5
configure:8899: $? = 0
configure:8899: result: yes
configure:8913: checking for dlfcn.h
configure:8913: gcc -c -g -O2  conftest.c >&5
configure:8913: $? = 0
configure:8913: result: yes
configure:9169: checking for objdir
configure:9184: result: .libs
configure:9448: checking if gcc supports -fno-rtti -fno-exceptions
configure:9466: gcc -c -g -O2  -fno-rtti -fno-exceptions conftest.c >&5
cc1: warning: command-line option '-fno-rtti' is valid for C++/D/ObjC++ but not for C
configure:9470: $? = 0
configure:9483: result: no
configure:9847: checking for gcc option to produce PIC
configure:9854: result: -fPIC -DPIC
configure:9862: checking if gcc PIC flag -fPIC -DPIC works
configure:9880: gcc -c -g -O2  -fPIC -DPIC -DPIC conftest.c >&5
configure:9884: $? = 0
configure:9897: result: yes
configure:9926: checking if gcc static flag -static works
configure:9954: result: yes
configure:9969: checking if gcc supports -c -o file.o
configure:9990: gcc -c -g -O2  -o out/conftest2.o conftest.c >&5
configure:9994: $? = 0
configure:10016: result: yes
configure:10024: checking if gcc supports -c -o file.o
configure:10071: result: yes
configure:10104: checking whether the gcc linker (/usr/bin/ld) supports shared libraries
configure:11367: result: yes
configure:11404: checking whether -lc should be explicitly linked in
configure:11412: gcc -c -g -O2  conftest.c >&5
configure:11415: $? = 0
configure:11430: gcc -shared  -fPIC -DPIC conftest.o  -v -Wl,-soname -Wl,conftest -o conftest 2\>\&1 \| /usr/bin/grep  -lc  \>/dev/null 2\>\&1
configure:11433: $? = 0
configure:11447: result: no
configure:11607: checking dynamic linker characteristics
configure:12188: gcc -o conftest -g -O2   -Wl,-rpath -Wl,/foo conftest.c  >&5
configure:12188: $? = 0
configure:12437: result: GNU/Linux ld.so
configure:12559: checking how to hardcode library paths into programs
configure:12584: result: immediate
configure:13132: checking whether stripping libraries is possible
configure:13137: result: yes
configure:13172: checking if libtool supports shared libraries
configure:13174: result: yes
configure:13177: checking whether to build shared libraries
configure:13202: result: yes
configure:13205: checking whether to build static libraries
configure:13209: result: yes
configure:13323: checking for pkg-config
configure:13341: found /usr/bin/pkg-config
configure:13353: result: /usr/bin/pkg-config
configure:13378: checking pkg-config is at least version 0.9.0
configure:13381: result: yes
configure:13391: checking for ANSI C header files
configure:13495: result: yes
configure:13503: checking for stdbool.h that conforms to C99
configure:13570: gcc -c -g -O2  conftest.c >&5
configure:13570: $? = 0
configure:13577: result: yes
configure:13579: checking for _Bool
configure:13579: gcc -c -g -O2  conftest.c >&5
configure:13579: $? = 0
configure:13579: gcc -c -g -O2  conftest.c >&5
conftest.c: In function 'main':
conftest.c:60:20: error: expected expression before ')' token
   60 | if (sizeof ((_Bool)))
      |                    ^
configure:13579: $? = 1
configure: failed program was:
| /* confdefs.h */
| #define PACKAGE_NAME "libnfc"
| #define PACKAGE_TARNAME "libnfc"
| #define PACKAGE_VERSION "1.8.0"
| #define PACKAGE_STRING "libnfc 1.8.0"
| #define PACKAGE_BUGREPORT "nfc-tools@googlegroups.com"
| #define PACKAGE_URL ""
| #define PACKAGE "libnfc"
| #define VERSION "1.8.0"
| #define STDC_HEADERS 1
| #define HAVE_SYS_TYPES_H 1
| #define HAVE_SYS_STAT_H 1
| #define HAVE_STDLIB_H 1
| #define HAVE_STRING_H 1
| #define HAVE_MEMORY_H 1
| #define HAVE_STRINGS_H 1
| #define HAVE_INTTYPES_H 1
| #define HAVE_STDINT_H 1
| #define HAVE_UNISTD_H 1
| #define HAVE_DLFCN_H 1
| #define LT_OBJDIR ".libs/"
| #define STDC_HEADERS 1
| /* end confdefs.h.  */
| #include <stdio.h>
| #ifdef HAVE_SYS_TYPES_H
| # include <sys/types.h>
| #endif
| #ifdef HAVE_SYS_STAT_H
| # include <sys/stat.h>
| #endif
| #ifdef STDC_HEADERS
| # include <stdlib.h>
| # include <stddef.h>
| #else
| # ifdef HAVE_STDLIB_H
| #  include <stdlib.h>
| # endif
| #endif
| #ifdef HAVE_STRING_H
| # if !defined STDC_HEADERS && defined HAVE_MEMORY_H
| #  include <memory.h>
| # endif
| # include <string.h>
| #endif
| #ifdef HAVE_STRINGS_H
| # include <strings.h>
| #endif
| #ifdef HAVE_INTTYPES_H
| # include <inttypes.h>
| #endif
| #ifdef HAVE_STDINT_H
| # include <stdint.h>
| #endif
| #ifdef HAVE_UNISTD_H
| # include <unistd.h>
| #endif
| int
| main ()
| {
| if (sizeof ((_Bool)))
| 	    return 0;
|   ;
|   return 0;
| }
configure:13579: result: yes
configure:13599: checking fcntl.h usability
configure:13599: gcc -c -g -O2  conftest.c >&5
configure:13599: $? = 0
configure:13599: result: yes
configure:13599: checking fcntl.h presence
configure:13599: gcc -E  conftest.c
configure:13599: $? = 0
configure:13599: result: yes
configure:13599: checking for fcntl.h
configure:13599: result: yes
configure:13599: checking limits.h usability
configure:13599: gcc -c -g -O2  conftest.c >&5
configure:13599: $? = 0
configure:13599: result: yes
configure:13599: checking limits.h presence
configure:13599: gcc -E  conftest.c
configure:13599: $? = 0
configure:13599: result: yes
configure:13599: checking for limits.h
configure:13599: result: yes
configure:13599: checking stdio.h usability
configure:13599: gcc -c -g -O2  conftest.c >&5
configure:13599: $? = 0
configure:13599: result: yes
configure:13599: checking stdio.h presence
configure:13599: gcc -E  conftest.c
configure:13599: $? = 0
configure:13599: result: yes
configure:13599: checking for stdio.h
configure:13599: result: yes
configure:13599: checking for stdlib.h
configure:13599: result: yes
configure:13599: checking for stdint.h
configure:13599: result: yes
configure:13599: checking stddef.h usability
configure:13599: gcc -c -g -O2  conftest.c >&5
configure:13599: $? = 0
configure:13599: result: yes
configure:13599: checking stddef.h presence
configure:13599: gcc -E  conftest.c
configure:13599: $? = 0
configure:13599: result: yes
configure:13599: checking for stddef.h
configure:13599: result: yes
configure:13599: checking for stdbool.h
configure:13599: result: yes
configure:13599: checking sys/ioctl.h usability
configure:13599: gcc -c -g -O2  conftest.c >&5
configure:13599: $? = 0
configure:13599: result: yes
configure:13599: checking sys/ioctl.h presence
configure:13599: gcc -E  conftest.c
configure:13599: $? = 0
configure:13599: result: yes
configure:13599: checking for sys/ioctl.h
configure:13599: result: yes
configure:13599: checking sys/param.h usability
configure:13599: gcc -c -g -O2  conftest.c >&5
configure:13599: $? = 0
configure:13599: result: yes
configure:13599: checking sys/param.h presence
configure:13599: gcc -E  conftest.c
configure:13599: $? = 0
configure:13599: result: yes
configure:13599: checking for sys/param.h
configure:13599: result: yes
configure:13599: checking sys/time.h usability
configure:13599: gcc -c -g -O2  conftest.c >&5
configure:13599: $? = 0
configure:13599: result: yes
configure:13599: checking sys/time.h presence
configure:13599: gcc -E  conftest.c
configure:13599: $? = 0
configure:13599: result: yes
configure:13599: checking for sys/time.h
configure:13599: result: yes
configure:13599: checking termios.h usability
configure:13599: gcc -c -g -O2  conftest.c >&5
configure:13599: $? = 0
configure:13599: result: yes
configure:13599: checking termios.h presence
configure:13599: gcc -E  conftest.c
configure:13599: $? = 0
configure:13599: result: yes
configure:13599: checking for termios.h
configure:13599: result: yes
configure:13611: checking linux/spi/spidev.h usability
configure:13611: gcc -c -g -O2  conftest.c >&5
configure:13611: $? = 0
configure:13611: result: yes
configure:13611: checking linux/spi/spidev.h presence
configure:13611: gcc -E  conftest.c
configure:13611: $? = 0
configure:13611: result: yes
configure:13611: checking for linux/spi/spidev.h
configure:13611: result: yes
configure:13623: checking linux/i2c-dev.h usability
configure:13623: gcc -c -g -O2  conftest.c >&5
configure:13623: $? = 0
configure:13623: result: yes
configure:13623: checking linux/i2c-dev.h presence
configure:13623: gcc -E  conftest.c
configure:13623: $? = 0
configure:13623: result: yes
configure:13623: checking for linux/i2c-dev.h
configure:13623: result: yes
configure:13635: checking linux_nfc_api.h usability
configure:13635: gcc -c -g -O2  conftest.c >&5
conftest.c:72:10: fatal error: linux_nfc_api.h: No such file or directory
   72 | #include <linux_nfc_api.h>
      |          ^~~~~~~~~~~~~~~~~
compilation terminated.
configure:13635: $? = 1
configure: failed program was:
| /* confdefs.h */
| #define PACKAGE_NAME "libnfc"
| #define PACKAGE_TARNAME "libnfc"
| #define PACKAGE_VERSION "1.8.0"
| #define PACKAGE_STRING "libnfc 1.8.0"
| #define PACKAGE_BUGREPORT "nfc-tools@googlegroups.com"
| #define PACKAGE_URL ""
| #define PACKAGE "libnfc"
| #define VERSION "1.8.0"
| #define STDC_HEADERS 1
| #define HAVE_SYS_TYPES_H 1
| #define HAVE_SYS_STAT_H 1
| #define HAVE_STDLIB_H 1
| #define HAVE_STRING_H 1
| #define HAVE_MEMORY_H 1
| #define HAVE_STRINGS_H 1
| #define HAVE_INTTYPES_H 1
| #define HAVE_STDINT_H 1
| #define HAVE_UNISTD_H 1
| #define HAVE_DLFCN_H 1
| #define LT_OBJDIR ".libs/"
| #define STDC_HEADERS 1
| #define HAVE__BOOL 1
| #define HAVE_STDBOOL_H 1
| #define HAVE_FCNTL_H 1
| #define HAVE_LIMITS_H 1
| #define HAVE_STDIO_H 1
| #define HAVE_STDLIB_H 1
| #define HAVE_STDINT_H 1
| #define HAVE_STDDEF_H 1
| #define HAVE_STDBOOL_H 1
| #define HAVE_SYS_IOCTL_H 1
| #define HAVE_SYS_PARAM_H 1
| #define HAVE_SYS_TIME_H 1
| #define HAVE_TERMIOS_H 1
| #define HAVE_LINUX_SPI_SPIDEV_H 1
| #define HAVE_LINUX_I2C_DEV_H 1
| /* end confdefs.h.  */
| #include <stdio.h>
| #ifdef HAVE_SYS_TYPES_H
| # include <sys/types.h>
| #endif
| #ifdef HAVE_SYS_STAT_H
| # include <sys/stat.h>
| #endif
| #ifdef STDC_HEADERS
| # include <stdlib.h>
| # include <stddef.h>
| #else
| # ifdef HAVE_STDLIB_H
| #  include <stdlib.h>
| # endif
| #endif
| #ifdef HAVE_STRING_H
| # if !defined STDC_HEADERS && defined HAVE_MEMORY_H
| #  include <memory.h>
| # endif
| # include <string.h>
| #endif
| #ifdef HAVE_STRINGS_H
| # include <strings.h>
| #endif
| #ifdef HAVE_INTTYPES_H
| # include <inttypes.h>
| #endif
| #ifdef HAVE_STDINT_H
| # include <stdint.h>
| #endif
| #ifdef HAVE_UNISTD_H
| # include <unistd.h>
| #endif
| #include <linux_nfc_api.h>
configure:13635: result: no
configure:13635: checking linux_nfc_api.h presence
configure:13635: gcc -E  conftest.c
conftest.c:39:10: fatal error: linux_nfc_api.h: No such file or directory
   39 | #include <linux_nfc_api.h>
      |          ^~~~~~~~~~~~~~~~~
compilation terminated.
configure:13635: $? = 1
configure: failed program was:
| /* confdefs.h */
| #define PACKAGE_NAME "libnfc"
| #define PACKAGE_TARNAME "libnfc"
| #define PACKAGE_VERSION "1.8.0"
| #define PACKAGE_STRING "libnfc 1.8.0"
| #define PACKAGE_BUGREPORT "nfc-tools@googlegroups.com"
| #define PACKAGE_URL ""
| #define PACKAGE "libnfc"
| #define VERSION "1.8.0"
| #define STDC_HEADERS 1
| #define HAVE_SYS_TYPES_H 1
| #define HAVE_SYS_STAT_H 1
| #define HAVE_STDLIB_H 1
| #define HAVE_STRING_H 1
| #define HAVE_MEMORY_H 1
| #define HAVE_STRINGS_H 1
| #define HAVE_INTTYPES_H 1
| #define HAVE_STDINT_H 1
| #define HAVE_UNISTD_H 1
| #define HAVE_DLFCN_H 1
| #define LT_OBJDIR ".libs/"
| #define STDC_HEADERS 1
| #define HAVE__BOOL 1
| #define HAVE_STDBOOL_H 1
| #define HAVE_FCNTL_H 1
| #define HAVE_LIMITS_H 1
| #define HAVE_STDIO_H 1
| #define HAVE_STDLIB_H 1
| #define HAVE_STDINT_H 1
| #define HAVE_STDDEF_H 1
| #define HAVE_STDBOOL_H 1
| #define HAVE_SYS_IOCTL_H 1
| #define HAVE_SYS_PARAM_H 1
| #define HAVE_SYS_TIME_H 1
| #define HAVE_TERMIOS_H 1
| #define HAVE_LINUX_SPI_SPIDEV_H 1
| #define HAVE_LINUX_I2C_DEV_H 1
| /* end confdefs.h.  */
| #include <linux_nfc_api.h>
configure:13635: result: no
configure:13635: checking for linux_nfc_api.h
configure:13635: result: no
configure:13648: checking for memmove
configure:13648: gcc -o conftest -g -O2   conftest.c  >&5
conftest.c:62:6: warning: conflicting types for built-in function 'memmove'; expected 'void *(void *, const void *, unsigned int)' [-Wbuiltin-declaration-mismatch]
   62 | char memmove ();
      |      ^~~~~~~
conftest.c:50:1: note: 'memmove' is declared in header '<string.h>'
   49 | # include <limits.h>
   50 | #else
configure:13648: $? = 0
configure:13648: result: yes
configure:13648: checking for memset
configure:13648: gcc -o conftest -g -O2   conftest.c  >&5
conftest.c:64:6: warning: conflicting types for built-in function 'memset'; expected 'void *(void *, int,  unsigned int)' [-Wbuiltin-declaration-mismatch]
   64 | char memset ();
      |      ^~~~~~
conftest.c:52:1: note: 'memset' is declared in header '<string.h>'
   51 | # include <limits.h>
   52 | #else
configure:13648: $? = 0
configure:13648: result: yes
configure:13648: checking for select
configure:13648: gcc -o conftest -g -O2   conftest.c  >&5
configure:13648: $? = 0
configure:13648: result: yes
configure:13648: checking for strdup
configure:13648: gcc -o conftest -g -O2   conftest.c  >&5
conftest.c:68:6: warning: conflicting types for built-in function 'strdup'; expected 'char *(const char *)' [-Wbuiltin-declaration-mismatch]
   68 | char strdup ();
      |      ^~~~~~
configure:13648: $? = 0
configure:13648: result: yes
configure:13648: checking for strerror
configure:13648: gcc -o conftest -g -O2   conftest.c  >&5
configure:13648: $? = 0
configure:13648: result: yes
configure:13648: checking for strstr
configure:13648: gcc -o conftest -g -O2   conftest.c  >&5
conftest.c:72:6: warning: conflicting types for built-in function 'strstr'; expected 'char *(const char *, const char *)' [-Wbuiltin-declaration-mismatch]
   72 | char strstr ();
      |      ^~~~~~
conftest.c:60:1: note: 'strstr' is declared in header '<string.h>'
   59 | # include <limits.h>
   60 | #else
configure:13648: $? = 0
configure:13648: result: yes
configure:13648: checking for strtol
configure:13648: gcc -o conftest -g -O2   conftest.c  >&5
configure:13648: $? = 0
configure:13648: result: yes
configure:13648: checking for usleep
configure:13648: gcc -o conftest -g -O2   conftest.c  >&5
configure:13648: $? = 0
configure:13648: result: yes
configure:13671: checking for size_t
configure:13671: gcc -c -g -O2  conftest.c >&5
configure:13671: $? = 0
configure:13671: gcc -c -g -O2  conftest.c >&5
conftest.c: In function 'main':
conftest.c:93:21: error: expected expression before ')' token
   93 | if (sizeof ((size_t)))
      |                     ^
configure:13671: $? = 1
configure: failed program was:
| /* confdefs.h */
| #define PACKAGE_NAME "libnfc"
| #define PACKAGE_TARNAME "libnfc"
| #define PACKAGE_VERSION "1.8.0"
| #define PACKAGE_STRING "libnfc 1.8.0"
| #define PACKAGE_BUGREPORT "nfc-tools@googlegroups.com"
| #define PACKAGE_URL ""
| #define PACKAGE "libnfc"
| #define VERSION "1.8.0"
| #define STDC_HEADERS 1
| #define HAVE_SYS_TYPES_H 1
| #define HAVE_SYS_STAT_H 1
| #define HAVE_STDLIB_H 1
| #define HAVE_STRING_H 1
| #define HAVE_MEMORY_H 1
| #define HAVE_STRINGS_H 1
| #define HAVE_INTTYPES_H 1
| #define HAVE_STDINT_H 1
| #define HAVE_UNISTD_H 1
| #define HAVE_DLFCN_H 1
| #define LT_OBJDIR ".libs/"
| #define STDC_HEADERS 1
| #define HAVE__BOOL 1
| #define HAVE_STDBOOL_H 1
| #define HAVE_FCNTL_H 1
| #define HAVE_LIMITS_H 1
| #define HAVE_STDIO_H 1
| #define HAVE_STDLIB_H 1
| #define HAVE_STDINT_H 1
| #define HAVE_STDDEF_H 1
| #define HAVE_STDBOOL_H 1
| #define HAVE_SYS_IOCTL_H 1
| #define HAVE_SYS_PARAM_H 1
| #define HAVE_SYS_TIME_H 1
| #define HAVE_TERMIOS_H 1
| #define HAVE_LINUX_SPI_SPIDEV_H 1
| #define HAVE_LINUX_I2C_DEV_H 1
| #define HAVE_MEMMOVE 1
| #define _XOPEN_SOURCE 600
| #define HAVE_MEMSET 1
| #define _XOPEN_SOURCE 600
| #define HAVE_SELECT 1
| #define _XOPEN_SOURCE 600
| #define HAVE_STRDUP 1
| #define _XOPEN_SOURCE 600
| #define HAVE_STRERROR 1
| #define _XOPEN_SOURCE 600
| #define HAVE_STRSTR 1
| #define _XOPEN_SOURCE 600
| #define HAVE_STRTOL 1
| #define _XOPEN_SOURCE 600
| #define HAVE_USLEEP 1
| #define _XOPEN_SOURCE 600
| #define _NETBSD_SOURCE 1
| #define _DARWIN_C_SOURCE 1
| /* end confdefs.h.  */
| #include <stdio.h>
| #ifdef HAVE_SYS_TYPES_H
| # include <sys/types.h>
| #endif
| #ifdef HAVE_SYS_STAT_H
| # include <sys/stat.h>
| #endif
| #ifdef STDC_HEADERS
| # include <stdlib.h>
| # include <stddef.h>
| #else
| # ifdef HAVE_STDLIB_H
| #  include <stdlib.h>
| # endif
| #endif
| #ifdef HAVE_STRING_H
| # if !defined STDC_HEADERS && defined HAVE_MEMORY_H
| #  include <memory.h>
| # endif
| # include <string.h>
| #endif
| #ifdef HAVE_STRINGS_H
| # include <strings.h>
| #endif
| #ifdef HAVE_INTTYPES_H
| # include <inttypes.h>
| #endif
| #ifdef HAVE_STDINT_H
| # include <stdint.h>
| #endif
| #ifdef HAVE_UNISTD_H
| # include <unistd.h>
| #endif
| int
| main ()
| {
| if (sizeof ((size_t)))
| 	    return 0;
|   ;
|   return 0;
| }
configure:13671: result: yes
configure:13682: checking for uint8_t
configure:13682: gcc -c -g -O2  conftest.c >&5
configure:13682: $? = 0
configure:13682: result: yes
configure:13696: checking for uint16_t
configure:13696: gcc -c -g -O2  conftest.c >&5
configure:13696: $? = 0
configure:13696: result: yes
configure:13708: checking for uint32_t
configure:13708: gcc -c -g -O2  conftest.c >&5
configure:13708: $? = 0
configure:13708: result: yes
configure:13722: checking for uint64_t
configure:13722: gcc -c -g -O2  conftest.c >&5
configure:13722: $? = 0
configure:13722: result: yes
configure:13736: checking for int16_t
configure:13736: gcc -c -g -O2  conftest.c >&5
configure:13736: $? = 0
configure:13736: gcc -c -g -O2  conftest.c >&5
conftest.c: In function 'main':
conftest.c:94:12: error: size of array 'test_array' is negative
   94 | static int test_array [1 - 2 * !((int16_t) (((((int16_t) 1 << N) << N) - 1) * 2 + 1)
      |            ^~~~~~~~~~
configure:13736: $? = 1
configure: failed program was:
| /* confdefs.h */
| #define PACKAGE_NAME "libnfc"
| #define PACKAGE_TARNAME "libnfc"
| #define PACKAGE_VERSION "1.8.0"
| #define PACKAGE_STRING "libnfc 1.8.0"
| #define PACKAGE_BUGREPORT "nfc-tools@googlegroups.com"
| #define PACKAGE_URL ""
| #define PACKAGE "libnfc"
| #define VERSION "1.8.0"
| #define STDC_HEADERS 1
| #define HAVE_SYS_TYPES_H 1
| #define HAVE_SYS_STAT_H 1
| #define HAVE_STDLIB_H 1
| #define HAVE_STRING_H 1
| #define HAVE_MEMORY_H 1
| #define HAVE_STRINGS_H 1
| #define HAVE_INTTYPES_H 1
| #define HAVE_STDINT_H 1
| #define HAVE_UNISTD_H 1
| #define HAVE_DLFCN_H 1
| #define LT_OBJDIR ".libs/"
| #define STDC_HEADERS 1
| #define HAVE__BOOL 1
| #define HAVE_STDBOOL_H 1
| #define HAVE_FCNTL_H 1
| #define HAVE_LIMITS_H 1
| #define HAVE_STDIO_H 1
| #define HAVE_STDLIB_H 1
| #define HAVE_STDINT_H 1
| #define HAVE_STDDEF_H 1
| #define HAVE_STDBOOL_H 1
| #define HAVE_SYS_IOCTL_H 1
| #define HAVE_SYS_PARAM_H 1
| #define HAVE_SYS_TIME_H 1
| #define HAVE_TERMIOS_H 1
| #define HAVE_LINUX_SPI_SPIDEV_H 1
| #define HAVE_LINUX_I2C_DEV_H 1
| #define HAVE_MEMMOVE 1
| #define _XOPEN_SOURCE 600
| #define HAVE_MEMSET 1
| #define _XOPEN_SOURCE 600
| #define HAVE_SELECT 1
| #define _XOPEN_SOURCE 600
| #define HAVE_STRDUP 1
| #define _XOPEN_SOURCE 600
| #define HAVE_STRERROR 1
| #define _XOPEN_SOURCE 600
| #define HAVE_STRSTR 1
| #define _XOPEN_SOURCE 600
| #define HAVE_STRTOL 1
| #define _XOPEN_SOURCE 600
| #define HAVE_USLEEP 1
| #define _XOPEN_SOURCE 600
| #define _NETBSD_SOURCE 1
| #define _DARWIN_C_SOURCE 1
| /* end confdefs.h.  */
| #include <stdio.h>
| #ifdef HAVE_SYS_TYPES_H
| # include <sys/types.h>
| #endif
| #ifdef HAVE_SYS_STAT_H
| # include <sys/stat.h>
| #endif
| #ifdef STDC_HEADERS
| # include <stdlib.h>
| # include <stddef.h>
| #else
| # ifdef HAVE_STDLIB_H
| #  include <stdlib.h>
| # endif
| #endif
| #ifdef HAVE_STRING_H
| # if !defined STDC_HEADERS && defined HAVE_MEMORY_H
| #  include <memory.h>
| # endif
| # include <string.h>
| #endif
| #ifdef HAVE_STRINGS_H
| # include <strings.h>
| #endif
| #ifdef HAVE_INTTYPES_H
| # include <inttypes.h>
| #endif
| #ifdef HAVE_STDINT_H
| # include <stdint.h>
| #endif
| #ifdef HAVE_UNISTD_H
| # include <unistd.h>
| #endif
| 	        enum { N = 16 / 2 - 1 };
| int
| main ()
| {
| static int test_array [1 - 2 * !((int16_t) (((((int16_t) 1 << N) << N) - 1) * 2 + 1)
| 		 < (int16_t) (((((int16_t) 1 << N) << N) - 1) * 2 + 2))];
| test_array [0] = 0;
| return test_array [0];
| 
|   ;
|   return 0;
| }
configure:13736: result: yes
configure:13747: checking for int32_t
configure:13747: gcc -c -g -O2  conftest.c >&5
configure:13747: $? = 0
configure:13747: gcc -c -g -O2  conftest.c >&5
conftest.c: In function 'main':
conftest.c:95:53: warning: integer overflow in expression of type 'int' results in '-2147483648' [-Woverflow]
   95 |    < (int32_t) (((((int32_t) 1 << N) << N) - 1) * 2 + 2))];
      |                                                     ^
conftest.c:94:12: error: storage size of 'test_array' isn't constant
   94 | static int test_array [1 - 2 * !((int32_t) (((((int32_t) 1 << N) << N) - 1) * 2 + 1)
      |            ^~~~~~~~~~
configure:13747: $? = 1
configure: failed program was:
| /* confdefs.h */
| #define PACKAGE_NAME "libnfc"
| #define PACKAGE_TARNAME "libnfc"
| #define PACKAGE_VERSION "1.8.0"
| #define PACKAGE_STRING "libnfc 1.8.0"
| #define PACKAGE_BUGREPORT "nfc-tools@googlegroups.com"
| #define PACKAGE_URL ""
| #define PACKAGE "libnfc"
| #define VERSION "1.8.0"
| #define STDC_HEADERS 1
| #define HAVE_SYS_TYPES_H 1
| #define HAVE_SYS_STAT_H 1
| #define HAVE_STDLIB_H 1
| #define HAVE_STRING_H 1
| #define HAVE_MEMORY_H 1
| #define HAVE_STRINGS_H 1
| #define HAVE_INTTYPES_H 1
| #define HAVE_STDINT_H 1
| #define HAVE_UNISTD_H 1
| #define HAVE_DLFCN_H 1
| #define LT_OBJDIR ".libs/"
| #define STDC_HEADERS 1
| #define HAVE__BOOL 1
| #define HAVE_STDBOOL_H 1
| #define HAVE_FCNTL_H 1
| #define HAVE_LIMITS_H 1
| #define HAVE_STDIO_H 1
| #define HAVE_STDLIB_H 1
| #define HAVE_STDINT_H 1
| #define HAVE_STDDEF_H 1
| #define HAVE_STDBOOL_H 1
| #define HAVE_SYS_IOCTL_H 1
| #define HAVE_SYS_PARAM_H 1
| #define HAVE_SYS_TIME_H 1
| #define HAVE_TERMIOS_H 1
| #define HAVE_LINUX_SPI_SPIDEV_H 1
| #define HAVE_LINUX_I2C_DEV_H 1
| #define HAVE_MEMMOVE 1
| #define _XOPEN_SOURCE 600
| #define HAVE_MEMSET 1
| #define _XOPEN_SOURCE 600
| #define HAVE_SELECT 1
| #define _XOPEN_SOURCE 600
| #define HAVE_STRDUP 1
| #define _XOPEN_SOURCE 600
| #define HAVE_STRERROR 1
| #define _XOPEN_SOURCE 600
| #define HAVE_STRSTR 1
| #define _XOPEN_SOURCE 600
| #define HAVE_STRTOL 1
| #define _XOPEN_SOURCE 600
| #define HAVE_USLEEP 1
| #define _XOPEN_SOURCE 600
| #define _NETBSD_SOURCE 1
| #define _DARWIN_C_SOURCE 1
| /* end confdefs.h.  */
| #include <stdio.h>
| #ifdef HAVE_SYS_TYPES_H
| # include <sys/types.h>
| #endif
| #ifdef HAVE_SYS_STAT_H
| # include <sys/stat.h>
| #endif
| #ifdef STDC_HEADERS
| # include <stdlib.h>
| # include <stddef.h>
| #else
| # ifdef HAVE_STDLIB_H
| #  include <stdlib.h>
| # endif
| #endif
| #ifdef HAVE_STRING_H
| # if !defined STDC_HEADERS && defined HAVE_MEMORY_H
| #  include <memory.h>
| # endif
| # include <string.h>
| #endif
| #ifdef HAVE_STRINGS_H
| # include <strings.h>
| #endif
| #ifdef HAVE_INTTYPES_H
| # include <inttypes.h>
| #endif
| #ifdef HAVE_STDINT_H
| # include <stdint.h>
| #endif
| #ifdef HAVE_UNISTD_H
| # include <unistd.h>
| #endif
| 	        enum { N = 32 / 2 - 1 };
| int
| main ()
| {
| static int test_array [1 - 2 * !((int32_t) (((((int32_t) 1 << N) << N) - 1) * 2 + 1)
| 		 < (int32_t) (((((int32_t) 1 << N) << N) - 1) * 2 + 2))];
| test_array [0] = 0;
| return test_array [0];
| 
|   ;
|   return 0;
| }
configure:13747: result: yes
configure:13758: checking for off_t
configure:13758: gcc -c -g -O2  conftest.c >&5
configure:13758: $? = 0
configure:13758: gcc -c -g -O2  conftest.c >&5
conftest.c: In function 'main':
conftest.c:93:20: error: expected expression before ')' token
   93 | if (sizeof ((off_t)))
      |                    ^
configure:13758: $? = 1
configure: failed program was:
| /* confdefs.h */
| #define PACKAGE_NAME "libnfc"
| #define PACKAGE_TARNAME "libnfc"
| #define PACKAGE_VERSION "1.8.0"
| #define PACKAGE_STRING "libnfc 1.8.0"
| #define PACKAGE_BUGREPORT "nfc-tools@googlegroups.com"
| #define PACKAGE_URL ""
| #define PACKAGE "libnfc"
| #define VERSION "1.8.0"
| #define STDC_HEADERS 1
| #define HAVE_SYS_TYPES_H 1
| #define HAVE_SYS_STAT_H 1
| #define HAVE_STDLIB_H 1
| #define HAVE_STRING_H 1
| #define HAVE_MEMORY_H 1
| #define HAVE_STRINGS_H 1
| #define HAVE_INTTYPES_H 1
| #define HAVE_STDINT_H 1
| #define HAVE_UNISTD_H 1
| #define HAVE_DLFCN_H 1
| #define LT_OBJDIR ".libs/"
| #define STDC_HEADERS 1
| #define HAVE__BOOL 1
| #define HAVE_STDBOOL_H 1
| #define HAVE_FCNTL_H 1
| #define HAVE_LIMITS_H 1
| #define HAVE_STDIO_H 1
| #define HAVE_STDLIB_H 1
| #define HAVE_STDINT_H 1
| #define HAVE_STDDEF_H 1
| #define HAVE_STDBOOL_H 1
| #define HAVE_SYS_IOCTL_H 1
| #define HAVE_SYS_PARAM_H 1
| #define HAVE_SYS_TIME_H 1
| #define HAVE_TERMIOS_H 1
| #define HAVE_LINUX_SPI_SPIDEV_H 1
| #define HAVE_LINUX_I2C_DEV_H 1
| #define HAVE_MEMMOVE 1
| #define _XOPEN_SOURCE 600
| #define HAVE_MEMSET 1
| #define _XOPEN_SOURCE 600
| #define HAVE_SELECT 1
| #define _XOPEN_SOURCE 600
| #define HAVE_STRDUP 1
| #define _XOPEN_SOURCE 600
| #define HAVE_STRERROR 1
| #define _XOPEN_SOURCE 600
| #define HAVE_STRSTR 1
| #define _XOPEN_SOURCE 600
| #define HAVE_STRTOL 1
| #define _XOPEN_SOURCE 600
| #define HAVE_USLEEP 1
| #define _XOPEN_SOURCE 600
| #define _NETBSD_SOURCE 1
| #define _DARWIN_C_SOURCE 1
| /* end confdefs.h.  */
| #include <stdio.h>
| #ifdef HAVE_SYS_TYPES_H
| # include <sys/types.h>
| #endif
| #ifdef HAVE_SYS_STAT_H
| # include <sys/stat.h>
| #endif
| #ifdef STDC_HEADERS
| # include <stdlib.h>
| # include <stddef.h>
| #else
| # ifdef HAVE_STDLIB_H
| #  include <stdlib.h>
| # endif
| #endif
| #ifdef HAVE_STRING_H
| # if !defined STDC_HEADERS && defined HAVE_MEMORY_H
| #  include <memory.h>
| # endif
| # include <string.h>
| #endif
| #ifdef HAVE_STRINGS_H
| # include <strings.h>
| #endif
| #ifdef HAVE_INTTYPES_H
| # include <inttypes.h>
| #endif
| #ifdef HAVE_STDINT_H
| # include <stdint.h>
| #endif
| #ifdef HAVE_UNISTD_H
| # include <unistd.h>
| #endif
| int
| main ()
| {
| if (sizeof ((off_t)))
| 	    return 0;
|   ;
|   return 0;
| }
configure:13758: result: yes
configure:13781: checking for log flag
configure:13783: result: yes
configure:13809: checking for conffiles flag
configure:13811: result: yes
configure:13837: checking for envvars flag
configure:13839: result: yes
configure:13865: checking for debug flag
configure:13867: result: no
configure:13888: checking which drivers to build
configure:13901: result: pn532_spi
configure:14278: checking for documentation request
configure:14280: result: no
configure:14804: checking for readline.h
configure:14849: result: not found
configure:14967: checking that generated files are newer than configure
configure:14973: result: done
configure:15088: creating ./config.status

## ---------------------- ##
## Running config.status. ##
## ---------------------- ##

This file was extended by libnfc config.status 1.8.0, which was
generated by GNU Autoconf 2.69.  Invocation command line was

  CONFIG_FILES    = 
  CONFIG_HEADERS  = 
  CONFIG_LINKS    = 
  CONFIG_COMMANDS = 
  $ ./config.status 

on raspberrypi

config.status:1204: creating Doxyfile
config.status:1204: creating Makefile
config.status:1204: creating cmake/Makefile
config.status:1204: creating cmake/modules/Makefile
config.status:1204: creating contrib/Makefile
config.status:1204: creating contrib/devd/Makefile
config.status:1204: creating contrib/libnfc/Makefile
config.status:1204: creating contrib/linux/Makefile
config.status:1204: creating contrib/udev/Makefile
config.status:1204: creating contrib/win32/Makefile
config.status:1204: creating contrib/win32/sys/Makefile
config.status:1204: creating contrib/win32/libnfc/Makefile
config.status:1204: creating contrib/win32/libnfc/buses/Makefile
config.status:1204: creating examples/Makefile
config.status:1204: creating examples/pn53x-tamashell-scripts/Makefile
config.status:1204: creating include/Makefile
config.status:1204: creating include/nfc/Makefile
config.status:1204: creating libnfc.pc
config.status:1204: creating libnfc/Makefile
config.status:1204: creating libnfc/buses/Makefile
config.status:1204: creating libnfc/chips/Makefile
config.status:1204: creating libnfc/drivers/Makefile
config.status:1204: creating test/Makefile
config.status:1204: creating utils/Makefile
config.status:1204: creating config.h
config.status:1385: config.h is unchanged
config.status:1433: executing depfiles commands
config.status:1510: cd examples       && sed -e '/# am--include-marker/d' Makefile         | make -f - am--depfiles
make: Nothing to be done for 'am--depfiles'.
config.status:1515: $? = 0
config.status:1510: cd libnfc       && sed -e '/# am--include-marker/d' Makefile         | make -f - am--depfiles
make: Nothing to be done for 'am--depfiles'.
config.status:1515: $? = 0
config.status:1510: cd libnfc/buses       && sed -e '/# am--include-marker/d' Makefile         | make -f - am--depfiles
make: Nothing to be done for 'am--depfiles'.
config.status:1515: $? = 0
config.status:1510: cd libnfc/chips       && sed -e '/# am--include-marker/d' Makefile         | make -f - am--depfiles
make: Nothing to be done for 'am--depfiles'.
config.status:1515: $? = 0
config.status:1510: cd libnfc/drivers       && sed -e '/# am--include-marker/d' Makefile         | make -f - am--depfiles
make: Nothing to be done for 'am--depfiles'.
config.status:1515: $? = 0
config.status:1510: cd test       && sed -e '/# am--include-marker/d' Makefile         | make -f - am--depfiles
make: Nothing to be done for 'am--depfiles'.
config.status:1515: $? = 0
config.status:1510: cd utils       && sed -e '/# am--include-marker/d' Makefile         | make -f - am--depfiles
make: Nothing to be done for 'am--depfiles'.
config.status:1515: $? = 0
config.status:1433: executing libtool commands

## ---------------- ##
## Cache variables. ##
## ---------------- ##

ac_cv_build=armv7l-unknown-linux-gnueabihf
ac_cv_c_compiler_gnu=yes
ac_cv_c_int16_t=yes
ac_cv_c_int32_t=yes
ac_cv_c_uint16_t=yes
ac_cv_c_uint32_t=yes
ac_cv_c_uint64_t=yes
ac_cv_c_uint8_t=yes
ac_cv_env_CC_set=
ac_cv_env_CC_value=
ac_cv_env_CFLAGS_set=
ac_cv_env_CFLAGS_value=
ac_cv_env_CPPFLAGS_set=
ac_cv_env_CPPFLAGS_value=
ac_cv_env_CPP_set=
ac_cv_env_CPP_value=
ac_cv_env_LDFLAGS_set=
ac_cv_env_LDFLAGS_value=
ac_cv_env_LIBNFC_NCI_CFLAGS_set=
ac_cv_env_LIBNFC_NCI_CFLAGS_value=
ac_cv_env_LIBNFC_NCI_LIBS_set=
ac_cv_env_LIBNFC_NCI_LIBS_value=
ac_cv_env_LIBS_set=
ac_cv_env_LIBS_value=
ac_cv_env_LT_SYS_LIBRARY_PATH_set=
ac_cv_env_LT_SYS_LIBRARY_PATH_value=
ac_cv_env_PKG_CONFIG_LIBDIR_set=
ac_cv_env_PKG_CONFIG_LIBDIR_value=
ac_cv_env_PKG_CONFIG_PATH_set=
ac_cv_env_PKG_CONFIG_PATH_value=
ac_cv_env_PKG_CONFIG_set=
ac_cv_env_PKG_CONFIG_value=
ac_cv_env_build_alias_set=
ac_cv_env_build_alias_value=
ac_cv_env_host_alias_set=
ac_cv_env_host_alias_value=
ac_cv_env_libpcsclite_CFLAGS_set=
ac_cv_env_libpcsclite_CFLAGS_value=
ac_cv_env_libpcsclite_LIBS_set=
ac_cv_env_libpcsclite_LIBS_value=
ac_cv_env_libusb_CFLAGS_set=
ac_cv_env_libusb_CFLAGS_value=
ac_cv_env_libusb_LIBS_set=
ac_cv_env_libusb_LIBS_value=
ac_cv_env_target_alias_set=
ac_cv_env_target_alias_value=
ac_cv_func_memmove=yes
ac_cv_func_memset=yes
ac_cv_func_select=yes
ac_cv_func_strdup=yes
ac_cv_func_strerror=yes
ac_cv_func_strstr=yes
ac_cv_func_strtol=yes
ac_cv_func_usleep=yes
ac_cv_header_dlfcn_h=yes
ac_cv_header_fcntl_h=yes
ac_cv_header_inttypes_h=yes
ac_cv_header_limits_h=yes
ac_cv_header_linux_i2c_dev_h=yes
ac_cv_header_linux_nfc_api_h=no
ac_cv_header_linux_spi_spidev_h=yes
ac_cv_header_memory_h=yes
ac_cv_header_stdbool_h=yes
ac_cv_header_stdc=yes
ac_cv_header_stddef_h=yes
ac_cv_header_stdint_h=yes
ac_cv_header_stdio_h=yes
ac_cv_header_stdlib_h=yes
ac_cv_header_string_h=yes
ac_cv_header_strings_h=yes
ac_cv_header_sys_ioctl_h=yes
ac_cv_header_sys_param_h=yes
ac_cv_header_sys_stat_h=yes
ac_cv_header_sys_time_h=yes
ac_cv_header_sys_types_h=yes
ac_cv_header_termios_h=yes
ac_cv_header_unistd_h=yes
ac_cv_host=armv7l-unknown-linux-gnueabihf
ac_cv_objext=o
ac_cv_path_EGREP='/usr/bin/grep -E'
ac_cv_path_FGREP='/usr/bin/grep -F'
ac_cv_path_GREP=/usr/bin/grep
ac_cv_path_SED=/usr/bin/sed
ac_cv_path_ac_pt_PKG_CONFIG=/usr/bin/pkg-config
ac_cv_path_install='/usr/bin/install -c'
ac_cv_path_lt_DD=/usr/bin/dd
ac_cv_path_mkdir=/usr/bin/mkdir
ac_cv_prog_AWK=mawk
ac_cv_prog_CPP='gcc -E'
ac_cv_prog_ac_ct_AR=ar
ac_cv_prog_ac_ct_CC=gcc
ac_cv_prog_ac_ct_MANIFEST_TOOL=mt
ac_cv_prog_ac_ct_OBJDUMP=objdump
ac_cv_prog_ac_ct_RANLIB=ranlib
ac_cv_prog_ac_ct_STRIP=strip
ac_cv_prog_cc_c89=
ac_cv_prog_cc_g=yes
ac_cv_prog_make_make_set=yes
ac_cv_type__Bool=yes
ac_cv_type_off_t=yes
ac_cv_type_size_t=yes
ac_cv_use_cutter=no
am_cv_CC_dependencies_compiler_type=gcc3
am_cv_ar_interface=ar
am_cv_make_support_nested_variables=yes
am_cv_prog_cc_c_o=yes
lt_cv_ar_at_file=@
lt_cv_archive_cmds_need_lc=no
lt_cv_deplibs_check_method=pass_all
lt_cv_file_magic_cmd='$MAGIC_CMD'
lt_cv_file_magic_test_file=
lt_cv_ld_reload_flag=-r
lt_cv_nm_interface='BSD nm'
lt_cv_objdir=.libs
lt_cv_path_LD=/usr/bin/ld
lt_cv_path_NM='/usr/bin/nm -B'
lt_cv_path_mainfest_tool=no
lt_cv_prog_compiler_c_o=yes
lt_cv_prog_compiler_pic='-fPIC -DPIC'
lt_cv_prog_compiler_pic_works=yes
lt_cv_prog_compiler_rtti_exceptions=no
lt_cv_prog_compiler_static_works=yes
lt_cv_prog_gnu_ld=yes
lt_cv_sharedlib_from_linklib_cmd='printf %s\n'
lt_cv_shlibpath_overrides_runpath=yes
lt_cv_sys_global_symbol_pipe='sed -n -e '\''s/^.*[	 ]\([ABCDGIRSTW][ABCDGIRSTW]*\)[	 ][	 ]*\([_A-Za-z][_A-Za-z0-9]*\)$/\1 \2 \2/p'\'' | sed '\''/ __gnu_lto/d'\'''
lt_cv_sys_global_symbol_to_c_name_address='sed -n -e '\''s/^: \(.*\) .*$/  {"\1", (void *) 0},/p'\'' -e '\''s/^[ABCDGIRSTW][ABCDGIRSTW]* .* \(.*\)$/  {"\1", (void *) \&\1},/p'\'''
lt_cv_sys_global_symbol_to_c_name_address_lib_prefix='sed -n -e '\''s/^: \(.*\) .*$/  {"\1", (void *) 0},/p'\'' -e '\''s/^[ABCDGIRSTW][ABCDGIRSTW]* .* \(lib.*\)$/  {"\1", (void *) \&\1},/p'\'' -e '\''s/^[ABCDGIRSTW][ABCDGIRSTW]* .* \(.*\)$/  {"lib\1", (void *) \&\1},/p'\'''
lt_cv_sys_global_symbol_to_cdecl='sed -n -e '\''s/^T .* \(.*\)$/extern int \1();/p'\'' -e '\''s/^[ABCDGIRSTW][ABCDGIRSTW]* .* \(.*\)$/extern char \1;/p'\'''
lt_cv_sys_global_symbol_to_import=
lt_cv_sys_max_cmd_len=1572864
lt_cv_to_host_file_cmd=func_convert_file_noop
lt_cv_to_tool_file_cmd=func_convert_file_noop
lt_cv_truncate_bin='/usr/bin/dd bs=4096 count=1'

## ----------------- ##
## Output variables. ##
## ----------------- ##

ACLOCAL='${SHELL} /home/pi/Capstone_Project/libnfc-1.8.0/missing aclocal-1.16'
AMDEPBACKSLASH='\'
AMDEP_FALSE='#'
AMDEP_TRUE=''
AMTAR='$${TAR-tar}'
AM_BACKSLASH='\'
AM_DEFAULT_V='$(AM_DEFAULT_VERBOSITY)'
AM_DEFAULT_VERBOSITY='0'
AM_V='$(V)'
AR='ar'
AUTOCONF='${SHELL} /home/pi/Capstone_Project/libnfc-1.8.0/missing autoconf'
AUTOHEADER='${SHELL} /home/pi/Capstone_Project/libnfc-1.8.0/missing autoheader'
AUTOMAKE='${SHELL} /home/pi/Capstone_Project/libnfc-1.8.0/missing automake-1.16'
AWK='mawk'
CC='gcc'
CCDEPMODE='depmode=gcc3'
CFLAGS='-g -O2 -Wall -pedantic -Wextra -std=c99 -Du_int8_t=uint8_t -Du_int16_t=uint16_t'
CPP='gcc -E'
CPPFLAGS=''
CYGPATH_W='echo'
DEFS='-DHAVE_CONFIG_H'
DEPDIR='.deps'
DLLTOOL='false'
DOC_ENABLED_FALSE=''
DOC_ENABLED_TRUE='#'
DOXYGEN=''
DRIVERS_CFLAGS=' -DDRIVER_PN532_SPI_ENABLED'
DRIVER_ACR122S_ENABLED_FALSE=''
DRIVER_ACR122S_ENABLED_TRUE='#'
DRIVER_ACR122_PCSC_ENABLED_FALSE=''
DRIVER_ACR122_PCSC_ENABLED_TRUE='#'
DRIVER_ACR122_USB_ENABLED_FALSE=''
DRIVER_ACR122_USB_ENABLED_TRUE='#'
DRIVER_ARYGON_ENABLED_FALSE=''
DRIVER_ARYGON_ENABLED_TRUE='#'
DRIVER_PCSC_ENABLED_FALSE=''
DRIVER_PCSC_ENABLED_TRUE='#'
DRIVER_PN532_I2C_ENABLED_FALSE=''
DRIVER_PN532_I2C_ENABLED_TRUE='#'
DRIVER_PN532_SPI_ENABLED_FALSE='#'
DRIVER_PN532_SPI_ENABLED_TRUE=''
DRIVER_PN532_UART_ENABLED_FALSE=''
DRIVER_PN532_UART_ENABLED_TRUE='#'
DRIVER_PN53X_USB_ENABLED_FALSE=''
DRIVER_PN53X_USB_ENABLED_TRUE='#'
DRIVER_PN71XX_ENABLED_FALSE=''
DRIVER_PN71XX_ENABLED_TRUE='#'
DSYMUTIL=''
DUMPBIN=''
ECHO_C=''
ECHO_N='-n'
ECHO_T=''
EGREP='/usr/bin/grep -E'
EXEEXT=''
FGREP='/usr/bin/grep -F'
GREP='/usr/bin/grep'
I2C_ENABLED_FALSE=''
I2C_ENABLED_TRUE='#'
INSTALL_DATA='${INSTALL} -m 644'
INSTALL_PROGRAM='${INSTALL}'
INSTALL_SCRIPT='${INSTALL}'
INSTALL_STRIP_PROGRAM='$(install_sh) -c -s'
LD='/usr/bin/ld'
LDFLAGS=''
LIBNFC_CFLAGS='-I$(top_srcdir)/libnfc -I$(top_builddir)/include -I$(top_srcdir)/include'
LIBNFC_NCI_CFLAGS=''
LIBNFC_NCI_LIBS=''
LIBOBJS=''
LIBS=''
LIBTOOL='$(SHELL) $(top_builddir)/libtool'
LIBUSB_ENABLED_FALSE=''
LIBUSB_ENABLED_TRUE='#'
LIPO=''
LN_S='ln -s'
LTLIBOBJS=''
LT_SYS_LIBRARY_PATH=''
MAKEINFO='${SHELL} /home/pi/Capstone_Project/libnfc-1.8.0/missing makeinfo'
MANIFEST_TOOL=':'
MKDIR_P='/usr/bin/mkdir -p'
NM='/usr/bin/nm -B'
NMEDIT=''
OBJDUMP='objdump'
OBJEXT='o'
OTOOL64=''
OTOOL=''
PACKAGE='libnfc'
PACKAGE_BUGREPORT='nfc-tools@googlegroups.com'
PACKAGE_NAME='libnfc'
PACKAGE_STRING='libnfc 1.8.0'
PACKAGE_TARNAME='libnfc'
PACKAGE_URL=''
PACKAGE_VERSION='1.8.0'
PATH_SEPARATOR=':'
PCSC_ENABLED_FALSE=''
PCSC_ENABLED_TRUE='#'
PKG_CONFIG='/usr/bin/pkg-config'
PKG_CONFIG_LIBDIR=''
PKG_CONFIG_PATH=''
PKG_CONFIG_REQUIRES=''
POSIX_ONLY_EXAMPLES_ENABLED_FALSE='#'
POSIX_ONLY_EXAMPLES_ENABLED_TRUE=''
RANLIB='ranlib'
READLINE_INCLUDES=''
READLINE_LIBS=''
SED='/usr/bin/sed'
SET_MAKE=''
SHELL='/bin/bash'
SPI_ENABLED_FALSE='#'
SPI_ENABLED_TRUE=''
STRIP='strip'
UART_ENABLED_FALSE=''
UART_ENABLED_TRUE='#'
VERSION='1.8.0'
WITH_CONFFILES_FALSE='#'
WITH_CONFFILES_TRUE=''
WITH_CUTTER_FALSE=''
WITH_CUTTER_TRUE='#'
WITH_DEBUG_FALSE=''
WITH_DEBUG_TRUE='#'
WITH_ENVVARS_FALSE='#'
WITH_ENVVARS_TRUE=''
WITH_LOG_FALSE='#'
WITH_LOG_TRUE=''
ac_ct_AR='ar'
ac_ct_CC='gcc'
ac_ct_DUMPBIN=''
am__EXEEXT_FALSE=''
am__EXEEXT_TRUE='#'
am__fastdepCC_FALSE='#'
am__fastdepCC_TRUE=''
am__include='include'
am__isrc=''
am__leading_dot='.'
am__nodep='_no'
am__quote=''
am__tar='$${TAR-tar} chof - "$$tardir"'
am__untar='$${TAR-tar} xf -'
bindir='${exec_prefix}/bin'
build='armv7l-unknown-linux-gnueabihf'
build_alias=''
build_cpu='armv7l'
build_os='linux-gnueabihf'
build_vendor='unknown'
datadir='${datarootdir}'
datarootdir='${prefix}/share'
docdir='${datarootdir}/doc/${PACKAGE_TARNAME}'
dvidir='${docdir}'
exec_prefix='${prefix}'
host='armv7l-unknown-linux-gnueabihf'
host_alias=''
host_cpu='armv7l'
host_os='linux-gnueabihf'
host_vendor='unknown'
htmldir='${docdir}'
includedir='${prefix}/include'
infodir='${datarootdir}/info'
install_sh='${SHELL} /home/pi/Capstone_Project/libnfc-1.8.0/install-sh'
libdir='${exec_prefix}/lib'
libexecdir='${exec_prefix}/libexec'
libpcsclite_CFLAGS=''
libpcsclite_LIBS=''
libusb_CFLAGS=''
libusb_CONFIG=''
libusb_LIBS=''
localedir='${datarootdir}/locale'
localstatedir='${prefix}/var'
mandir='${datarootdir}/man'
mkdir_p='$(MKDIR_P)'
oldincludedir='/usr/include'
pdfdir='${docdir}'
prefix='/usr'
program_transform_name='s,x,x,'
psdir='${docdir}'
runstatedir='${localstatedir}/run'
sbindir='${exec_prefix}/sbin'
sharedstatedir='${prefix}/com'
sysconfdir='/etc'
target_alias=''

## ----------- ##
## confdefs.h. ##
## ----------- ##

/* confdefs.h */
#define PACKAGE_NAME "libnfc"
#define PACKAGE_TARNAME "libnfc"
#define PACKAGE_VERSION "1.8.0"
#define PACKAGE_STRING "libnfc 1.8.0"
#define PACKAGE_BUGREPORT "nfc-tools@googlegroups.com"
#define PACKAGE_URL ""
#define PACKAGE "libnfc"
#define VERSION "1.8.0"
#define STDC_HEADERS 1
#define HAVE_SYS_TYPES_H 1
#define HAVE_SYS_STAT_H 1
#define HAVE_STDLIB_H 1
#define HAVE_STRING_H 1
#define HAVE_MEMORY_H 1
#define HAVE_STRINGS_H 1
#define HAVE_INTTYPES_H 1
#define HAVE_STDINT_H 1
#define HAVE_UNISTD_H 1
#define HAVE_DLFCN_H 1
#define LT_OBJDIR ".libs/"
#define STDC_HEADERS 1
#define HAVE__BOOL 1
#define HAVE_STDBOOL_H 1
#define HAVE_FCNTL_H 1
#define HAVE_LIMITS_H 1
#define HAVE_STDIO_H 1
#define HAVE_STDLIB_H 1
#define HAVE_STDINT_H 1
#define HAVE_STDDEF_H 1
#define HAVE_STDBOOL_H 1
#define HAVE_SYS_IOCTL_H 1
#define HAVE_SYS_PARAM_H 1
#define HAVE_SYS_TIME_H 1
#define HAVE_TERMIOS_H 1
#define HAVE_LINUX_SPI_SPIDEV_H 1
#define HAVE_LINUX_I2C_DEV_H 1
#define HAVE_MEMMOVE 1
#define _XOPEN_SOURCE 600
#define HAVE_MEMSET 1
#define _XOPEN_SOURCE 600
#define HAVE_SELECT 1
#define _XOPEN_SOURCE 600
#define HAVE_STRDUP 1
#define _XOPEN_SOURCE 600
#define HAVE_STRERROR 1
#define _XOPEN_SOURCE 600
#define HAVE_STRSTR 1
#define _XOPEN_SOURCE 600
#define HAVE_STRTOL 1
#define _XOPEN_SOURCE 600
#define HAVE_USLEEP 1
#define _XOPEN_SOURCE 600
#define _NETBSD_SOURCE 1
#define _DARWIN_C_SOURCE 1
#define LOG 1
#define CONFFILES 1
#define ENVVARS 1

configure: exit 0
